<?xml version="1.0" encoding="UTF-8"?>
<!-- Generated by org.testng.reporters.JUnitReportReporter -->
<testsuite skipped="0" hostname="DESKTOP-F0CHE7B" name="org.example.testRunner.runners" tests="19" failures="2" timestamp="2022-08-09T12:29:17 EET" time="338.272" errors="1">
  <testcase name="runScenario" time="13.426" classname="org.example.testRunner.runners"/>
  <system-out/>
  <testcase name="runScenario" time="18.053" classname="org.example.testRunner.runners">
    <error type="java.lang.IndexOutOfBoundsException" message="Index: 1, Size: 1">
      <![CDATA[java.lang.IndexOutOfBoundsException: Index: 1, Size: 1
at java.util.ArrayList.rangeCheck(ArrayList.java:659)
at java.util.ArrayList.get(ArrayList.java:435)
at org.example.stepDefs.D07_followUsStepDef.goRssOpen(D07_followUsStepDef.java:48)
at ✽."https://demo.nopcommerce.com/new-online-store-is-open" Rss is opened in new tab(file:///C:/Users/kooty/IdeaProjects/E-commerce%20App%20Automation%20Testing/src/main/resources/features/F07_followUs.feature:13)
]]>
    </error>
  </testcase> <!-- runScenario -->
  <system-out/>
  <testcase name="runScenario" time="9.615" classname="org.example.testRunner.runners"/>
  <system-out/>
  <testcase name="runScenario" time="8.198" classname="org.example.testRunner.runners">
    <failure type="org.junit.ComparisonFailure" message="expected:&lt;...emo.nopcommerce.com/[]&gt; but was:&lt;...emo.nopcommerce.com/[iphone-6]&gt;">
      <![CDATA[org.junit.ComparisonFailure: expected:<...emo.nopcommerce.com/[]> but was:<...emo.nopcommerce.com/[iphone-6]>
at org.junit.Assert.assertEquals(Assert.java:117)
at org.junit.Assert.assertEquals(Assert.java:146)
at org.example.stepDefs.D06_homeSlidersStepDef.goSecondSliderResult(D06_homeSlidersStepDef.java:47)
at ✽.user go to second product page(file:///C:/Users/kooty/IdeaProjects/E-commerce%20App%20Automation%20Testing/src/main/resources/features/F06_homeSliders.feature:11)
]]>
    </failure>
  </testcase> <!-- runScenario -->
  <system-out/>
  <testcase name="runScenario" time="18.258" classname="org.example.testRunner.runners"/>
  <system-out/>
  <testcase name="runScenario" time="13.435" classname="org.example.testRunner.runners"/>
  <system-out/>
  <testcase name="runScenario" time="50.091" classname="org.example.testRunner.runners"/>
  <system-out/>
  <testcase name="runScenario" time="23.165" classname="org.example.testRunner.runners"/>
  <system-out/>
  <testcase name="runScenario" time="9.200" classname="org.example.testRunner.runners">
    <failure type="org.junit.ComparisonFailure" message="expected:&lt;...emo.nopcommerce.com/[]&gt; but was:&lt;...emo.nopcommerce.com/[nokia-lumia-1020]&gt;">
      <![CDATA[org.junit.ComparisonFailure: expected:<...emo.nopcommerce.com/[]> but was:<...emo.nopcommerce.com/[nokia-lumia-1020]>
at org.junit.Assert.assertEquals(Assert.java:117)
at org.junit.Assert.assertEquals(Assert.java:146)
at org.example.stepDefs.D06_homeSlidersStepDef.goFirstSliderResult(D06_homeSlidersStepDef.java:29)
at ✽.user go to first product page(file:///C:/Users/kooty/IdeaProjects/E-commerce%20App%20Automation%20Testing/src/main/resources/features/F06_homeSliders.feature:6)
]]>
    </failure>
  </testcase> <!-- runScenario -->
  <system-out/>
  <testcase name="runScenario" time="9.914" classname="org.example.testRunner.runners"/>
  <system-out/>
  <testcase name="runScenario" time="34.428" classname="org.example.testRunner.runners"/>
  <system-out/>
  <testcase name="runScenario" time="11.318" classname="org.example.testRunner.runners"/>
  <system-out/>
  <testcase name="runScenario" time="22.061" classname="org.example.testRunner.runners"/>
  <system-out/>
  <testcase name="runScenario" time="23.557" classname="org.example.testRunner.runners"/>
  <system-out/>
  <testcase name="runScenario" time="9.354" classname="org.example.testRunner.runners"/>
  <system-out/>
  <testcase name="runScenario" time="10.076" classname="org.example.testRunner.runners"/>
  <system-out/>
  <testcase name="runScenario" time="22.008" classname="org.example.testRunner.runners"/>
  <system-out/>
  <testcase name="runScenario" time="22.671" classname="org.example.testRunner.runners"/>
  <system-out/>
  <testcase name="runScenario" time="9.444" classname="org.example.testRunner.runners"/>
  <system-out/>
</testsuite> <!-- org.example.testRunner.runners -->
